TN:
SF:funciones jest\dividir.js
FN:1,dividir
FNF:1
FNH:1
FNDA:1,dividir
DA:2,1
DA:5,1
LF:2
LH:2
BRF:0
BRH:0
end_of_record
TN:
SF:funciones jest\math.js
FN:1,suma
FN:5,sub
FN:9,mul
FN:13,div
FNF:4
FNH:4
FNDA:1,suma
FNDA:1,sub
FNDA:1,mul
FNDA:1,div
DA:2,1
DA:6,1
DA:10,1
DA:14,1
DA:17,1
LF:5
LH:5
BRF:0
BRH:0
end_of_record
TN:
SF:funciones jest\multiplicacion.js
FN:1,multiplicacion
FNF:1
FNH:1
FNDA:1,multiplicacion
DA:2,1
DA:4,1
LF:2
LH:2
BRF:0
BRH:0
end_of_record
TN:
SF:funciones jest\numeroPar.js
FN:1,NumeroPar
FNF:1
FNH:1
FNDA:2,NumeroPar
DA:2,2
DA:5,1
LF:2
LH:2
BRF:0
BRH:0
end_of_record
TN:
SF:funciones jest\resta.js
FN:1,resta
FNF:1
FNH:1
FNDA:1,resta
DA:2,1
DA:5,1
LF:2
LH:2
BRF:0
BRH:0
end_of_record
TN:
SF:funciones jest\saludo.js
FN:1,saludo
FNF:1
FNH:1
FNDA:1,saludo
DA:2,1
DA:5,1
LF:2
LH:2
BRF:0
BRH:0
end_of_record
TN:
SF:funciones jest\suma.js
FN:1,suma
FNF:1
FNH:1
FNDA:1,suma
DA:2,1
DA:5,1
LF:2
LH:2
BRF:0
BRH:0
end_of_record
TN:
SF:src\app.js
FN:4,(anonymous_0)
FN:8,(anonymous_1)
FNF:2
FNH:1
FNDA:0,(anonymous_0)
FNDA:2,(anonymous_1)
DA:1,1
DA:2,1
DA:4,1
DA:5,0
DA:8,1
DA:9,2
DA:12,1
LF:7
LH:6
BRF:0
BRH:0
end_of_record
